<?xml version="1.0" encoding="UTF-8"?>
<!-- Generated by org.testng.reporters.JUnitXMLReporter -->
<testsuite ignored="0" hostname="MAHANTI" failures="0" tests="2" name="HRM Test Cases" time="0.055" errors="0" timestamp="10 Nov 2023 07:44:33 GMT">
  <testcase classname="com.HRM.qa.testcases.LoginPageTest" name="@BeforeMethod setUp" time="0.014">
    <failure type="java.lang.NullPointerException" message="Cannot invoke &amp;quot;String.equals(Object)&amp;quot; because &amp;quot;browserName&amp;quot; is null">
      <![CDATA[java.lang.NullPointerException: Cannot invoke "String.equals(Object)" because "browserName" is null
	at com.HRM.qa.base.TestBase.initialization(TestBase.java:44)
	at com.HRM.qa.testcases.LoginPageTest.setUp(LoginPageTest.java:23)
... Removed 27 stack frames]]>
    </failure>
  </testcase> <!-- @BeforeMethod setUp -->
  <testcase classname="com.HRM.qa.testcases.LoginPageTest" name="@BeforeMethod setUp" time="0.0">
    <skipped/>
  </testcase> <!-- @BeforeMethod setUp -->
  <testcase classname="com.HRM.qa.testcases.LoginPageTest" name="verifyHomePageTitleTest" time="0.001">
    <skipped/>
  </testcase> <!-- verifyHomePageTitleTest -->
  <testcase classname="com.HRM.qa.testcases.LoginPageTest" name="loginTest" time="0.001">
    <skipped/>
  </testcase> <!-- loginTest -->
</testsuite> <!-- HRM Test Cases -->
