<?xml version="1.0" encoding="UTF-8"?>
<!-- Generated by org.testng.reporters.JUnitXMLReporter -->
<testsuite ignored="0" hostname="MAHANTI" failures="1" tests="2" name="HRM Test Cases" time="41.367" errors="0" timestamp="2023-12-11T21:31:01 IST">
  <testcase classname="com.HRM.qa.testcases.LoginPageTest" name="verifyHomePageTitleTest" time="0.047">
    <failure type="java.lang.AssertionError" message="expected [OrangeHR] but found [OrangeHRM]">
      <![CDATA[java.lang.AssertionError: expected [OrangeHR] but found [OrangeHRM]
at com.HRM.qa.testcases.LoginPageTest.verifyHomePageTitleTest(LoginPageTest.java:81)
at java.base/java.util.ArrayList.forEach(ArrayList.java:1511)
... Removed 33 stack frames]]>
    </failure>
  </testcase> <!-- verifyHomePageTitleTest -->
  <testcase classname="com.HRM.qa.testcases.LoginPageTest" name="loginTest" time="1.405"/>
</testsuite> <!-- HRM Test Cases -->
