<?xml version="1.0" encoding="UTF-8"?>
<testng-results ignored="0" total="2" passed="2" failed="0" skipped="0">
  <reporter-output>
  </reporter-output>
  <suite started-at="2023-11-10T07:53:20Z" name="FREE HRM Application Test Automation Test Suite" finished-at="2023-11-10T07:54:01Z" duration-ms="40413">
    <groups>
    </groups>
    <test started-at="2023-11-10T07:53:20Z" name="HRM Test Cases" finished-at="2023-11-10T07:54:01Z" duration-ms="40413">
      <class name="com.HRM.qa.testcases.LoginPageTest">
        <test-method is-config="true" signature="setUp()[pri:0, instance:com.HRM.qa.testcases.LoginPageTest@192c3f1e]" started-at="2023-11-10T13:23:20Z" name="setUp" finished-at="2023-11-10T13:23:40Z" duration-ms="19139" status="PASS">
          <reporter-output>
          </reporter-output>
        </test-method> <!-- setUp -->
        <test-method signature="verifyHomePageTitleTest()[pri:1, instance:com.HRM.qa.testcases.LoginPageTest@192c3f1e]" started-at="2023-11-10T13:23:40Z" name="verifyHomePageTitleTest" finished-at="2023-11-10T13:23:40Z" duration-ms="15" status="PASS">
          <reporter-output>
          </reporter-output>
        </test-method> <!-- verifyHomePageTitleTest -->
        <test-method is-config="true" signature="tearDown()[pri:0, instance:com.HRM.qa.testcases.LoginPageTest@192c3f1e]" started-at="2023-11-10T13:23:40Z" name="tearDown" finished-at="2023-11-10T13:23:41Z" duration-ms="1560" status="PASS">
          <reporter-output>
          </reporter-output>
        </test-method> <!-- tearDown -->
        <test-method is-config="true" signature="setUp()[pri:0, instance:com.HRM.qa.testcases.LoginPageTest@192c3f1e]" started-at="2023-11-10T13:23:41Z" name="setUp" finished-at="2023-11-10T13:23:59Z" duration-ms="17318" status="PASS">
          <reporter-output>
          </reporter-output>
        </test-method> <!-- setUp -->
        <test-method signature="loginTest()[pri:2, instance:com.HRM.qa.testcases.LoginPageTest@192c3f1e]" started-at="2023-11-10T13:23:59Z" name="loginTest" finished-at="2023-11-10T13:24:00Z" duration-ms="1338" status="PASS">
          <reporter-output>
          </reporter-output>
        </test-method> <!-- loginTest -->
        <test-method is-config="true" signature="tearDown()[pri:0, instance:com.HRM.qa.testcases.LoginPageTest@192c3f1e]" started-at="2023-11-10T13:24:00Z" name="tearDown" finished-at="2023-11-10T13:24:01Z" duration-ms="1004" status="PASS">
          <reporter-output>
          </reporter-output>
        </test-method> <!-- tearDown -->
      </class> <!-- com.HRM.qa.testcases.LoginPageTest -->
    </test> <!-- HRM Test Cases -->
  </suite> <!-- FREE HRM Application Test Automation Test Suite -->
</testng-results>
